[02-Jul-2022 14:39:29 UTC] Xdebug: [Step Debug] Could not connect to debugging client. Tried: localhost:9000 (fallback through xdebug.client_host/xdebug.client_port) :-(
[02-Jul-2022 14:39:29 UTC] Xdebug: [Step Debug] Could not connect to debugging client. Tried: localhost:9000 (fallback through xdebug.client_host/xdebug.client_port) :-(
[02-Jul-2022 14:39:29 UTC] Xdebug: [Step Debug] Could not connect to debugging client. Tried: localhost:9000 (fallback through xdebug.client_host/xdebug.client_port) :-(
[02-Jul-2022 14:39:29 UTC] Xdebug: [Step Debug] Could not connect to debugging client. Tried: localhost:9000 (fallback through xdebug.client_host/xdebug.client_port) :-(
[02-Jul-2022 14:39:30 UTC] Xdebug: [Step Debug] Could not connect to debugging client. Tried: localhost:9000 (fallback through xdebug.client_host/xdebug.client_port) :-(
[02-Jul-2022 14:39:30 UTC] Xdebug: [Step Debug] Could not connect to debugging client. Tried: localhost:9000 (fallback through xdebug.client_host/xdebug.client_port) :-(
[02-Jul-2022 14:39:30 UTC] Xdebug: [Step Debug] Could not connect to debugging client. Tried: localhost:9000 (fallback through xdebug.client_host/xdebug.client_port) :-(
[02-Jul-2022 14:39:30 UTC] Xdebug: [Step Debug] Could not connect to debugging client. Tried: localhost:9000 (fallback through xdebug.client_host/xdebug.client_port) :-(
[02-Jul-2022 14:39:47 UTC] Xdebug: [Step Debug] Could not connect to debugging client. Tried: localhost:9000 (fallback through xdebug.client_host/xdebug.client_port) :-(
[02-Jul-2022 14:39:47 UTC] Xdebug: [Step Debug] Could not connect to debugging client. Tried: localhost:9000 (fallback through xdebug.client_host/xdebug.client_port) :-(
[02-Jul-2022 14:39:47 UTC] Xdebug: [Step Debug] Could not connect to debugging client. Tried: localhost:9000 (fallback through xdebug.client_host/xdebug.client_port) :-(
[02-Jul-2022 14:39:47 UTC] Xdebug: [Step Debug] Could not connect to debugging client. Tried: localhost:9000 (fallback through xdebug.client_host/xdebug.client_port) :-(
[02-Jul-2022 14:39:47 UTC] Xdebug: [Step Debug] Could not connect to debugging client. Tried: localhost:9000 (fallback through xdebug.client_host/xdebug.client_port) :-(
[02-Jul-2022 14:39:47 UTC] Xdebug: [Step Debug] Could not connect to debugging client. Tried: localhost:9000 (fallback through xdebug.client_host/xdebug.client_port) :-(
[02-Jul-2022 14:39:48 UTC] Xdebug: [Step Debug] Could not connect to debugging client. Tried: localhost:9000 (fallback through xdebug.client_host/xdebug.client_port) :-(
[02-Jul-2022 14:39:48 UTC] Xdebug: [Step Debug] Could not connect to debugging client. Tried: localhost:9000 (fallback through xdebug.client_host/xdebug.client_port) :-(
[02-Jul-2022 14:39:48 UTC] Xdebug: [Step Debug] Could not connect to debugging client. Tried: localhost:9000 (fallback through xdebug.client_host/xdebug.client_port) :-(
[02-Jul-2022 14:39:48 UTC] Xdebug: [Step Debug] Could not connect to debugging client. Tried: localhost:9000 (fallback through xdebug.client_host/xdebug.client_port) :-(
[02-Jul-2022 14:39:48 UTC] Xdebug: [Step Debug] Could not connect to debugging client. Tried: localhost:9000 (fallback through xdebug.client_host/xdebug.client_port) :-(
[02-Jul-2022 14:39:48 UTC] Xdebug: [Step Debug] Could not connect to debugging client. Tried: localhost:9000 (fallback through xdebug.client_host/xdebug.client_port) :-(
[02-Jul-2022 14:39:48 UTC] Xdebug: [Step Debug] Could not connect to debugging client. Tried: localhost:9000 (fallback through xdebug.client_host/xdebug.client_port) :-(
[02-Jul-2022 14:39:48 UTC] Xdebug: [Step Debug] Could not connect to debugging client. Tried: ::1:9000 (from HTTP_X_FORWARDED_FOR HTTP header), localhost:9000 (fallback through xdebug.client_host/xdebug.client_port) :-(
[02-Jul-2022 14:39:48 UTC] Xdebug: [Step Debug] Could not connect to debugging client. Tried: ::1:9000 (from HTTP_X_FORWARDED_FOR HTTP header), localhost:9000 (fallback through xdebug.client_host/xdebug.client_port) :-(
[02-Jul-2022 14:39:48 UTC] Xdebug: [Step Debug] Could not connect to debugging client. Tried: localhost:9000 (fallback through xdebug.client_host/xdebug.client_port) :-(
[02-Jul-2022 14:39:48 UTC] Xdebug: [Step Debug] Could not connect to debugging client. Tried: localhost:9000 (fallback through xdebug.client_host/xdebug.client_port) :-(
[02-Jul-2022 14:39:48 UTC] Xdebug: [Step Debug] Could not connect to debugging client. Tried: localhost:9000 (fallback through xdebug.client_host/xdebug.client_port) :-(
[02-Jul-2022 14:39:48 UTC] Xdebug: [Step Debug] Could not connect to debugging client. Tried: localhost:9000 (fallback through xdebug.client_host/xdebug.client_port) :-(
[02-Jul-2022 14:39:48 UTC] Xdebug: [Step Debug] Could not connect to debugging client. Tried: localhost:9000 (fallback through xdebug.client_host/xdebug.client_port) :-(
[02-Jul-2022 14:39:48 UTC] Xdebug: [Step Debug] Could not connect to debugging client. Tried: localhost:9000 (fallback through xdebug.client_host/xdebug.client_port) :-(
[02-Jul-2022 14:39:48 UTC] Xdebug: [Step Debug] Could not connect to debugging client. Tried: 127.0.0.1:9000 (from HTTP_X_FORWARDED_FOR HTTP header), localhost:9000 (fallback through xdebug.client_host/xdebug.client_port) :-(
[02-Jul-2022 14:39:48 UTC] Xdebug: [Step Debug] Could not connect to debugging client. Tried: 127.0.0.1:9000 (from HTTP_X_FORWARDED_FOR HTTP header), localhost:9000 (fallback through xdebug.client_host/xdebug.client_port) :-(
[02-Jul-2022 14:39:49 UTC] Xdebug: [Step Debug] Could not connect to debugging client. Tried: 127.0.0.1:9000 (from HTTP_X_FORWARDED_FOR HTTP header), localhost:9000 (fallback through xdebug.client_host/xdebug.client_port) :-(
[02-Jul-2022 14:39:49 UTC] Xdebug: [Step Debug] Could not connect to debugging client. Tried: 127.0.0.1:9000 (from HTTP_X_FORWARDED_FOR HTTP header), localhost:9000 (fallback through xdebug.client_host/xdebug.client_port) :-(
[02-Jul-2022 14:39:49 UTC] Xdebug: [Step Debug] Could not connect to debugging client. Tried: localhost:9000 (fallback through xdebug.client_host/xdebug.client_port) :-(
[02-Jul-2022 14:39:49 UTC] Xdebug: [Step Debug] Could not connect to debugging client. Tried: localhost:9000 (fallback through xdebug.client_host/xdebug.client_port) :-(
[02-Jul-2022 14:39:49 UTC] Xdebug: [Step Debug] Could not connect to debugging client. Tried: localhost:9000 (fallback through xdebug.client_host/xdebug.client_port) :-(
[02-Jul-2022 14:39:49 UTC] Xdebug: [Step Debug] Could not connect to debugging client. Tried: localhost:9000 (fallback through xdebug.client_host/xdebug.client_port) :-(
[02-Jul-2022 14:39:49 UTC] Xdebug: [Step Debug] Could not connect to debugging client. Tried: localhost:9000 (fallback through xdebug.client_host/xdebug.client_port) :-(
[02-Jul-2022 14:39:49 UTC] Xdebug: [Step Debug] Could not connect to debugging client. Tried: localhost:9000 (fallback through xdebug.client_host/xdebug.client_port) :-(
[02-Jul-2022 14:39:49 UTC] Xdebug: [Step Debug] Could not connect to debugging client. Tried: localhost:9000 (fallback through xdebug.client_host/xdebug.client_port) :-(
[02-Jul-2022 14:39:49 UTC] Xdebug: [Step Debug] Could not connect to debugging client. Tried: localhost:9000 (fallback through xdebug.client_host/xdebug.client_port) :-(
[02-Jul-2022 14:39:49 UTC] Xdebug: [Step Debug] Could not connect to debugging client. Tried: localhost:9000 (fallback through xdebug.client_host/xdebug.client_port) :-(
[02-Jul-2022 14:39:49 UTC] Xdebug: [Step Debug] Could not connect to debugging client. Tried: localhost:9000 (fallback through xdebug.client_host/xdebug.client_port) :-(
[02-Jul-2022 14:39:49 UTC] Xdebug: [Step Debug] Could not connect to debugging client. Tried: localhost:9000 (fallback through xdebug.client_host/xdebug.client_port) :-(
[02-Jul-2022 14:39:49 UTC] Xdebug: [Step Debug] Could not connect to debugging client. Tried: localhost:9000 (fallback through xdebug.client_host/xdebug.client_port) :-(
[02-Jul-2022 14:39:49 UTC] Xdebug: [Step Debug] Could not connect to debugging client. Tried: localhost:9000 (fallback through xdebug.client_host/xdebug.client_port) :-(
[02-Jul-2022 14:39:49 UTC] Xdebug: [Step Debug] Could not connect to debugging client. Tried: localhost:9000 (fallback through xdebug.client_host/xdebug.client_port) :-(
[02-Jul-2022 14:39:49 UTC] Xdebug: [Step Debug] Could not connect to debugging client. Tried: ::1:9000 (from HTTP_X_FORWARDED_FOR HTTP header), localhost:9000 (fallback through xdebug.client_host/xdebug.client_port) :-(
[02-Jul-2022 14:39:49 UTC] Xdebug: [Step Debug] Could not connect to debugging client. Tried: ::1:9000 (from HTTP_X_FORWARDED_FOR HTTP header), localhost:9000 (fallback through xdebug.client_host/xdebug.client_port) :-(
[02-Jul-2022 14:39:49 UTC] Xdebug: [Step Debug] Could not connect to debugging client. Tried: ::1:9000 (from HTTP_X_FORWARDED_FOR HTTP header), localhost:9000 (fallback through xdebug.client_host/xdebug.client_port) :-(
[02-Jul-2022 17:42:13 UTC] Xdebug: [Step Debug] Could not connect to debugging client. Tried: localhost:9000 (fallback through xdebug.client_host/xdebug.client_port) :-(
[02-Jul-2022 17:42:13 UTC] Xdebug: [Step Debug] Could not connect to debugging client. Tried: localhost:9000 (fallback through xdebug.client_host/xdebug.client_port) :-(
[02-Jul-2022 17:42:13 UTC] Xdebug: [Step Debug] Could not connect to debugging client. Tried: localhost:9000 (fallback through xdebug.client_host/xdebug.client_port) :-(
[02-Jul-2022 17:42:13 UTC] Xdebug: [Step Debug] Could not connect to debugging client. Tried: localhost:9000 (fallback through xdebug.client_host/xdebug.client_port) :-(
[02-Jul-2022 17:42:14 UTC] Xdebug: [Step Debug] Could not connect to debugging client. Tried: localhost:9000 (fallback through xdebug.client_host/xdebug.client_port) :-(
[02-Jul-2022 17:42:14 UTC] Xdebug: [Step Debug] Could not connect to debugging client. Tried: localhost:9000 (fallback through xdebug.client_host/xdebug.client_port) :-(
[02-Jul-2022 17:42:14 UTC] PHP Warning:  mysqli_real_connect(): (HY000/2002): No such file or directory in /Users/michaelwood/Local Sites/complete-wordpress-development/app/public/wp-includes/wp-db.php on line 1753
[02-Jul-2022 17:42:14 UTC] PHP Stack trace:
[02-Jul-2022 17:42:14 UTC] PHP   1. {main}() /Applications/Local.app/Contents/Resources/extraResources/bin/wp-cli/wp-cli.phar:0
[02-Jul-2022 17:42:14 UTC] PHP   2. include() /Applications/Local.app/Contents/Resources/extraResources/bin/wp-cli/wp-cli.phar:4
[02-Jul-2022 17:42:14 UTC] PHP   3. include() phar:///Applications/Local.app/Contents/Resources/extraResources/bin/wp-cli/wp-cli.phar/php/boot-phar.php:11
[02-Jul-2022 17:42:14 UTC] PHP   4. WP_CLI\bootstrap() phar:///Applications/Local.app/Contents/Resources/extraResources/bin/wp-cli/wp-cli.phar/vendor/wp-cli/wp-cli/php/wp-cli.php:27
[02-Jul-2022 17:42:14 UTC] PHP   5. WP_CLI\Bootstrap\LaunchRunner->process() phar:///Applications/Local.app/Contents/Resources/extraResources/bin/wp-cli/wp-cli.phar/vendor/wp-cli/wp-cli/php/bootstrap.php:78
[02-Jul-2022 17:42:14 UTC] PHP   6. WP_CLI\Runner->start() phar:///Applications/Local.app/Contents/Resources/extraResources/bin/wp-cli/wp-cli.phar/vendor/wp-cli/wp-cli/php/WP_CLI/Bootstrap/LaunchRunner.php:28
[02-Jul-2022 17:42:14 UTC] PHP   7. WP_CLI\Runner->load_wordpress() phar:///Applications/Local.app/Contents/Resources/extraResources/bin/wp-cli/wp-cli.phar/vendor/wp-cli/wp-cli/php/WP_CLI/Runner.php:1235
[02-Jul-2022 17:42:14 UTC] PHP   8. require() phar:///Applications/Local.app/Contents/Resources/extraResources/bin/wp-cli/wp-cli.phar/vendor/wp-cli/wp-cli/php/WP_CLI/Runner.php:1317
[02-Jul-2022 17:42:14 UTC] PHP   9. require_wp_db() /Users/michaelwood/Local Sites/complete-wordpress-development/app/public/wp-settings.php:124
[02-Jul-2022 17:42:14 UTC] PHP  10. wpdb->__construct() /Users/michaelwood/Local Sites/complete-wordpress-development/app/public/wp-includes/load.php:561
[02-Jul-2022 17:42:14 UTC] PHP  11. wpdb->db_connect() /Users/michaelwood/Local Sites/complete-wordpress-development/app/public/wp-includes/wp-db.php:724
[02-Jul-2022 17:42:14 UTC] PHP  12. mysqli_real_connect() /Users/michaelwood/Local Sites/complete-wordpress-development/app/public/wp-includes/wp-db.php:1753
[02-Jul-2022 17:42:14 UTC] Xdebug: [Step Debug] Could not connect to debugging client. Tried: localhost:9000 (fallback through xdebug.client_host/xdebug.client_port) :-(
[02-Jul-2022 17:42:14 UTC] Xdebug: [Step Debug] Could not connect to debugging client. Tried: localhost:9000 (fallback through xdebug.client_host/xdebug.client_port) :-(
[02-Jul-2022 17:42:17 UTC] Xdebug: [Step Debug] Could not connect to debugging client. Tried: localhost:9000 (fallback through xdebug.client_host/xdebug.client_port) :-(
[02-Jul-2022 17:42:17 UTC] Xdebug: [Step Debug] Could not connect to debugging client. Tried: localhost:9000 (fallback through xdebug.client_host/xdebug.client_port) :-(
[02-Jul-2022 17:42:17 UTC] Xdebug: [Step Debug] Could not connect to debugging client. Tried: localhost:9000 (fallback through xdebug.client_host/xdebug.client_port) :-(
[02-Jul-2022 17:42:17 UTC] Xdebug: [Step Debug] Could not connect to debugging client. Tried: localhost:9000 (fallback through xdebug.client_host/xdebug.client_port) :-(
[02-Jul-2022 17:42:17 UTC] Xdebug: [Step Debug] Could not connect to debugging client. Tried: localhost:9000 (fallback through xdebug.client_host/xdebug.client_port) :-(
[02-Jul-2022 17:42:17 UTC] Xdebug: [Step Debug] Could not connect to debugging client. Tried: localhost:9000 (fallback through xdebug.client_host/xdebug.client_port) :-(
[02-Jul-2022 17:42:17 UTC] PHP Warning:  mysqli_real_connect(): (HY000/2002): No such file or directory in /Users/michaelwood/Local Sites/complete-wordpress-development/app/public/wp-includes/wp-db.php on line 1753
[02-Jul-2022 17:42:17 UTC] PHP Stack trace:
[02-Jul-2022 17:42:17 UTC] PHP   1. {main}() /Applications/Local.app/Contents/Resources/extraResources/bin/wp-cli/wp-cli.phar:0
[02-Jul-2022 17:42:17 UTC] PHP   2. include() /Applications/Local.app/Contents/Resources/extraResources/bin/wp-cli/wp-cli.phar:4
[02-Jul-2022 17:42:17 UTC] PHP   3. include() phar:///Applications/Local.app/Contents/Resources/extraResources/bin/wp-cli/wp-cli.phar/php/boot-phar.php:11
[02-Jul-2022 17:42:17 UTC] PHP   4. WP_CLI\bootstrap() phar:///Applications/Local.app/Contents/Resources/extraResources/bin/wp-cli/wp-cli.phar/vendor/wp-cli/wp-cli/php/wp-cli.php:27
[02-Jul-2022 17:42:17 UTC] PHP   5. WP_CLI\Bootstrap\LaunchRunner->process() phar:///Applications/Local.app/Contents/Resources/extraResources/bin/wp-cli/wp-cli.phar/vendor/wp-cli/wp-cli/php/bootstrap.php:78
[02-Jul-2022 17:42:17 UTC] PHP   6. WP_CLI\Runner->start() phar:///Applications/Local.app/Contents/Resources/extraResources/bin/wp-cli/wp-cli.phar/vendor/wp-cli/wp-cli/php/WP_CLI/Bootstrap/LaunchRunner.php:28
[02-Jul-2022 17:42:17 UTC] PHP   7. WP_CLI\Runner->load_wordpress() phar:///Applications/Local.app/Contents/Resources/extraResources/bin/wp-cli/wp-cli.phar/vendor/wp-cli/wp-cli/php/WP_CLI/Runner.php:1235
[02-Jul-2022 17:42:17 UTC] PHP   8. require() phar:///Applications/Local.app/Contents/Resources/extraResources/bin/wp-cli/wp-cli.phar/vendor/wp-cli/wp-cli/php/WP_CLI/Runner.php:1317
[02-Jul-2022 17:42:17 UTC] PHP   9. require_wp_db() /Users/michaelwood/Local Sites/complete-wordpress-development/app/public/wp-settings.php:124
[02-Jul-2022 17:42:17 UTC] PHP  10. wpdb->__construct() /Users/michaelwood/Local Sites/complete-wordpress-development/app/public/wp-includes/load.php:561
[02-Jul-2022 17:42:17 UTC] PHP  11. wpdb->db_connect() /Users/michaelwood/Local Sites/complete-wordpress-development/app/public/wp-includes/wp-db.php:724
[02-Jul-2022 17:42:17 UTC] PHP  12. mysqli_real_connect() /Users/michaelwood/Local Sites/complete-wordpress-development/app/public/wp-includes/wp-db.php:1753
[02-Jul-2022 17:42:17 UTC] Xdebug: [Step Debug] Could not connect to debugging client. Tried: localhost:9000 (fallback through xdebug.client_host/xdebug.client_port) :-(
[02-Jul-2022 17:42:17 UTC] Xdebug: [Step Debug] Could not connect to debugging client. Tried: localhost:9000 (fallback through xdebug.client_host/xdebug.client_port) :-(
[02-Jul-2022 17:48:13 UTC] Xdebug: [Step Debug] Could not connect to debugging client. Tried: ::1:9000 (from HTTP_X_FORWARDED_FOR HTTP header), localhost:9000 (fallback through xdebug.client_host/xdebug.client_port) :-(
[02-Jul-2022 17:48:13 UTC] Xdebug: [Step Debug] Could not connect to debugging client. Tried: ::1:9000 (from HTTP_X_FORWARDED_FOR HTTP header), localhost:9000 (fallback through xdebug.client_host/xdebug.client_port) :-(
[02-Jul-2022 17:48:14 UTC] Xdebug: [Step Debug] Could not connect to debugging client. Tried: ::1:9000 (from HTTP_X_FORWARDED_FOR HTTP header), localhost:9000 (fallback through xdebug.client_host/xdebug.client_port) :-(
[02-Jul-2022 17:48:14 UTC] Xdebug: [Step Debug] Could not connect to debugging client. Tried: ::1:9000 (from HTTP_X_FORWARDED_FOR HTTP header), localhost:9000 (fallback through xdebug.client_host/xdebug.client_port) :-(
[02-Jul-2022 17:48:14 UTC] Xdebug: [Step Debug] Could not connect to debugging client. Tried: ::1:9000 (from HTTP_X_FORWARDED_FOR HTTP header), localhost:9000 (fallback through xdebug.client_host/xdebug.client_port) :-(
[02-Jul-2022 17:48:14 UTC] Xdebug: [Step Debug] Could not connect to debugging client. Tried: ::1:9000 (from HTTP_X_FORWARDED_FOR HTTP header), localhost:9000 (fallback through xdebug.client_host/xdebug.client_port) :-(
[02-Jul-2022 17:48:14 UTC] Xdebug: [Step Debug] Could not connect to debugging client. Tried: ::1:9000 (from HTTP_X_FORWARDED_FOR HTTP header), localhost:9000 (fallback through xdebug.client_host/xdebug.client_port) :-(
[02-Jul-2022 17:48:14 UTC] Xdebug: [Step Debug] Could not connect to debugging client. Tried: ::1:9000 (from HTTP_X_FORWARDED_FOR HTTP header), localhost:9000 (fallback through xdebug.client_host/xdebug.client_port) :-(
[02-Jul-2022 17:48:14 UTC] Xdebug: [Step Debug] Could not connect to debugging client. Tried: ::1:9000 (from HTTP_X_FORWARDED_FOR HTTP header), localhost:9000 (fallback through xdebug.client_host/xdebug.client_port) :-(
[02-Jul-2022 17:48:20 UTC] Xdebug: [Step Debug] Could not connect to debugging client. Tried: ::1:9000 (from HTTP_X_FORWARDED_FOR HTTP header), localhost:9000 (fallback through xdebug.client_host/xdebug.client_port) :-(
[02-Jul-2022 17:48:20 UTC] Xdebug: [Step Debug] Could not connect to debugging client. Tried: ::1:9000 (from HTTP_X_FORWARDED_FOR HTTP header), localhost:9000 (fallback through xdebug.client_host/xdebug.client_port) :-(
[02-Jul-2022 17:48:20 UTC] Xdebug: [Step Debug] Could not connect to debugging client. Tried: ::1:9000 (from HTTP_X_FORWARDED_FOR HTTP header), localhost:9000 (fallback through xdebug.client_host/xdebug.client_port) :-(
[02-Jul-2022 17:48:20 UTC] Xdebug: [Step Debug] Could not connect to debugging client. Tried: ::1:9000 (from HTTP_X_FORWARDED_FOR HTTP header), localhost:9000 (fallback through xdebug.client_host/xdebug.client_port) :-(
[02-Jul-2022 17:48:20 UTC] Xdebug: [Step Debug] Could not connect to debugging client. Tried: ::1:9000 (from HTTP_X_FORWARDED_FOR HTTP header), localhost:9000 (fallback through xdebug.client_host/xdebug.client_port) :-(
[02-Jul-2022 17:48:20 UTC] Xdebug: [Step Debug] Could not connect to debugging client. Tried: ::1:9000 (from HTTP_X_FORWARDED_FOR HTTP header), localhost:9000 (fallback through xdebug.client_host/xdebug.client_port) :-(
[02-Jul-2022 17:48:20 UTC] Xdebug: [Step Debug] Could not connect to debugging client. Tried: ::1:9000 (from HTTP_X_FORWARDED_FOR HTTP header), localhost:9000 (fallback through xdebug.client_host/xdebug.client_port) :-(
[02-Jul-2022 17:48:20 UTC] Xdebug: [Step Debug] Could not connect to debugging client. Tried: ::1:9000 (from HTTP_X_FORWARDED_FOR HTTP header), localhost:9000 (fallback through xdebug.client_host/xdebug.client_port) :-(
[02-Jul-2022 17:48:20 UTC] Xdebug: [Step Debug] Could not connect to debugging client. Tried: ::1:9000 (from HTTP_X_FORWARDED_FOR HTTP header), localhost:9000 (fallback through xdebug.client_host/xdebug.client_port) :-(
[02-Jul-2022 17:48:20 UTC] Xdebug: [Step Debug] Could not connect to debugging client. Tried: ::1:9000 (from HTTP_X_FORWARDED_FOR HTTP header), localhost:9000 (fallback through xdebug.client_host/xdebug.client_port) :-(
[02-Jul-2022 17:48:20 UTC] Xdebug: [Step Debug] Could not connect to debugging client. Tried: ::1:9000 (from HTTP_X_FORWARDED_FOR HTTP header), localhost:9000 (fallback through xdebug.client_host/xdebug.client_port) :-(
[02-Jul-2022 17:48:20 UTC] Xdebug: [Step Debug] Could not connect to debugging client. Tried: ::1:9000 (from HTTP_X_FORWARDED_FOR HTTP header), localhost:9000 (fallback through xdebug.client_host/xdebug.client_port) :-(
[02-Jul-2022 17:48:20 UTC] Xdebug: [Step Debug] Could not connect to debugging client. Tried: ::1:9000 (from HTTP_X_FORWARDED_FOR HTTP header), localhost:9000 (fallback through xdebug.client_host/xdebug.client_port) :-(
[02-Jul-2022 17:48:20 UTC] Xdebug: [Step Debug] Could not connect to debugging client. Tried: ::1:9000 (from HTTP_X_FORWARDED_FOR HTTP header), localhost:9000 (fallback through xdebug.client_host/xdebug.client_port) :-(
[02-Jul-2022 17:48:20 UTC] Xdebug: [Step Debug] Could not connect to debugging client. Tried: ::1:9000 (from HTTP_X_FORWARDED_FOR HTTP header), localhost:9000 (fallback through xdebug.client_host/xdebug.client_port) :-(
[02-Jul-2022 17:48:20 UTC] Xdebug: [Step Debug] Could not connect to debugging client. Tried: ::1:9000 (from HTTP_X_FORWARDED_FOR HTTP header), localhost:9000 (fallback through xdebug.client_host/xdebug.client_port) :-(
[02-Jul-2022 17:48:21 UTC] Xdebug: [Step Debug] Could not connect to debugging client. Tried: ::1:9000 (from HTTP_X_FORWARDED_FOR HTTP header), localhost:9000 (fallback through xdebug.client_host/xdebug.client_port) :-(
[02-Jul-2022 17:48:21 UTC] Xdebug: [Step Debug] Could not connect to debugging client. Tried: ::1:9000 (from HTTP_X_FORWARDED_FOR HTTP header), localhost:9000 (fallback through xdebug.client_host/xdebug.client_port) :-(
[02-Jul-2022 17:48:21 UTC] Xdebug: [Step Debug] Could not connect to debugging client. Tried: ::1:9000 (from HTTP_X_FORWARDED_FOR HTTP header), localhost:9000 (fallback through xdebug.client_host/xdebug.client_port) :-(
[02-Jul-2022 17:48:21 UTC] Xdebug: [Step Debug] Could not connect to debugging client. Tried: ::1:9000 (from HTTP_X_FORWARDED_FOR HTTP header), localhost:9000 (fallback through xdebug.client_host/xdebug.client_port) :-(
[02-Jul-2022 17:48:21 UTC] Xdebug: [Step Debug] Could not connect to debugging client. Tried: ::1:9000 (from HTTP_X_FORWARDED_FOR HTTP header), localhost:9000 (fallback through xdebug.client_host/xdebug.client_port) :-(
[02-Jul-2022 17:48:21 UTC] Xdebug: [Step Debug] Could not connect to debugging client. Tried: ::1:9000 (from HTTP_X_FORWARDED_FOR HTTP header), localhost:9000 (fallback through xdebug.client_host/xdebug.client_port) :-(
[02-Jul-2022 17:48:21 UTC] Xdebug: [Step Debug] Could not connect to debugging client. Tried: ::1:9000 (from HTTP_X_FORWARDED_FOR HTTP header), localhost:9000 (fallback through xdebug.client_host/xdebug.client_port) :-(
[02-Jul-2022 17:48:21 UTC] Xdebug: [Step Debug] Could not connect to debugging client. Tried: ::1:9000 (from HTTP_X_FORWARDED_FOR HTTP header), localhost:9000 (fallback through xdebug.client_host/xdebug.client_port) :-(
[02-Jul-2022 17:48:21 UTC] Xdebug: [Step Debug] Could not connect to debugging client. Tried: ::1:9000 (from HTTP_X_FORWARDED_FOR HTTP header), localhost:9000 (fallback through xdebug.client_host/xdebug.client_port) :-(
[02-Jul-2022 17:48:21 UTC] Xdebug: [Step Debug] Could not connect to debugging client. Tried: ::1:9000 (from HTTP_X_FORWARDED_FOR HTTP header), localhost:9000 (fallback through xdebug.client_host/xdebug.client_port) :-(
[02-Jul-2022 17:48:21 UTC] Xdebug: [Step Debug] Could not connect to debugging client. Tried: ::1:9000 (from HTTP_X_FORWARDED_FOR HTTP header), localhost:9000 (fallback through xdebug.client_host/xdebug.client_port) :-(
[02-Jul-2022 17:48:21 UTC] Xdebug: [Step Debug] Could not connect to debugging client. Tried: ::1:9000 (from HTTP_X_FORWARDED_FOR HTTP header), localhost:9000 (fallback through xdebug.client_host/xdebug.client_port) :-(
[02-Jul-2022 17:48:21 UTC] Xdebug: [Step Debug] Could not connect to debugging client. Tried: ::1:9000 (from HTTP_X_FORWARDED_FOR HTTP header), localhost:9000 (fallback through xdebug.client_host/xdebug.client_port) :-(
[02-Jul-2022 17:48:22 UTC] Xdebug: [Step Debug] Could not connect to debugging client. Tried: ::1:9000 (from HTTP_X_FORWARDED_FOR HTTP header), localhost:9000 (fallback through xdebug.client_host/xdebug.client_port) :-(
[02-Jul-2022 17:48:22 UTC] Xdebug: [Step Debug] Could not connect to debugging client. Tried: ::1:9000 (from HTTP_X_FORWARDED_FOR HTTP header), localhost:9000 (fallback through xdebug.client_host/xdebug.client_port) :-(
[02-Jul-2022 17:48:22 UTC] Xdebug: [Step Debug] Could not connect to debugging client. Tried: ::1:9000 (from HTTP_X_FORWARDED_FOR HTTP header), localhost:9000 (fallback through xdebug.client_host/xdebug.client_port) :-(
[02-Jul-2022 17:48:22 UTC] Xdebug: [Step Debug] Could not connect to debugging client. Tried: ::1:9000 (from HTTP_X_FORWARDED_FOR HTTP header), localhost:9000 (fallback through xdebug.client_host/xdebug.client_port) :-(
[02-Jul-2022 17:48:22 UTC] Xdebug: [Step Debug] Could not connect to debugging client. Tried: ::1:9000 (from HTTP_X_FORWARDED_FOR HTTP header), localhost:9000 (fallback through xdebug.client_host/xdebug.client_port) :-(
[02-Jul-2022 17:48:22 UTC] Xdebug: [Step Debug] Could not connect to debugging client. Tried: ::1:9000 (from HTTP_X_FORWARDED_FOR HTTP header), localhost:9000 (fallback through xdebug.client_host/xdebug.client_port) :-(
[02-Jul-2022 17:48:22 UTC] Xdebug: [Step Debug] Could not connect to debugging client. Tried: ::1:9000 (from HTTP_X_FORWARDED_FOR HTTP header), localhost:9000 (fallback through xdebug.client_host/xdebug.client_port) :-(
[02-Jul-2022 17:48:22 UTC] Xdebug: [Step Debug] Could not connect to debugging client. Tried: ::1:9000 (from HTTP_X_FORWARDED_FOR HTTP header), localhost:9000 (fallback through xdebug.client_host/xdebug.client_port) :-(
[02-Jul-2022 17:48:22 UTC] Xdebug: [Step Debug] Could not connect to debugging client. Tried: ::1:9000 (from HTTP_X_FORWARDED_FOR HTTP header), localhost:9000 (fallback through xdebug.client_host/xdebug.client_port) :-(
[02-Jul-2022 17:48:22 UTC] Xdebug: [Step Debug] Could not connect to debugging client. Tried: ::1:9000 (from HTTP_X_FORWARDED_FOR HTTP header), localhost:9000 (fallback through xdebug.client_host/xdebug.client_port) :-(
[02-Jul-2022 17:48:22 UTC] Xdebug: [Step Debug] Could not connect to debugging client. Tried: ::1:9000 (from HTTP_X_FORWARDED_FOR HTTP header), localhost:9000 (fallback through xdebug.client_host/xdebug.client_port) :-(
[02-Jul-2022 17:48:22 UTC] Xdebug: [Step Debug] Could not connect to debugging client. Tried: ::1:9000 (from HTTP_X_FORWARDED_FOR HTTP header), localhost:9000 (fallback through xdebug.client_host/xdebug.client_port) :-(
[02-Jul-2022 17:48:22 UTC] Xdebug: [Step Debug] Could not connect to debugging client. Tried: ::1:9000 (from HTTP_X_FORWARDED_FOR HTTP header), localhost:9000 (fallback through xdebug.client_host/xdebug.client_port) :-(
[02-Jul-2022 17:48:22 UTC] Xdebug: [Step Debug] Could not connect to debugging client. Tried: ::1:9000 (from HTTP_X_FORWARDED_FOR HTTP header), localhost:9000 (fallback through xdebug.client_host/xdebug.client_port) :-(
[02-Jul-2022 17:48:22 UTC] Xdebug: [Step Debug] Could not connect to debugging client. Tried: ::1:9000 (from HTTP_X_FORWARDED_FOR HTTP header), localhost:9000 (fallback through xdebug.client_host/xdebug.client_port) :-(
[02-Jul-2022 17:48:22 UTC] Xdebug: [Step Debug] Could not connect to debugging client. Tried: ::1:9000 (from HTTP_X_FORWARDED_FOR HTTP header), localhost:9000 (fallback through xdebug.client_host/xdebug.client_port) :-(
[02-Jul-2022 17:48:22 UTC] Xdebug: [Step Debug] Could not connect to debugging client. Tried: ::1:9000 (from HTTP_X_FORWARDED_FOR HTTP header), localhost:9000 (fallback through xdebug.client_host/xdebug.client_port) :-(
[02-Jul-2022 17:48:22 UTC] Xdebug: [Step Debug] Could not connect to debugging client. Tried: ::1:9000 (from HTTP_X_FORWARDED_FOR HTTP header), localhost:9000 (fallback through xdebug.client_host/xdebug.client_port) :-(
[02-Jul-2022 17:48:22 UTC] Xdebug: [Step Debug] Could not connect to debugging client. Tried: ::1:9000 (from HTTP_X_FORWARDED_FOR HTTP header), localhost:9000 (fallback through xdebug.client_host/xdebug.client_port) :-(
[02-Jul-2022 17:48:22 UTC] Xdebug: [Step Debug] Could not connect to debugging client. Tried: ::1:9000 (from HTTP_X_FORWARDED_FOR HTTP header), localhost:9000 (fallback through xdebug.client_host/xdebug.client_port) :-(
[02-Jul-2022 17:48:22 UTC] Xdebug: [Step Debug] Could not connect to debugging client. Tried: ::1:9000 (from HTTP_X_FORWARDED_FOR HTTP header), localhost:9000 (fallback through xdebug.client_host/xdebug.client_port) :-(
[02-Jul-2022 17:48:22 UTC] Xdebug: [Step Debug] Could not connect to debugging client. Tried: ::1:9000 (from HTTP_X_FORWARDED_FOR HTTP header), localhost:9000 (fallback through xdebug.client_host/xdebug.client_port) :-(
[02-Jul-2022 17:48:22 UTC] Xdebug: [Step Debug] Could not connect to debugging client. Tried: ::1:9000 (from HTTP_X_FORWARDED_FOR HTTP header), localhost:9000 (fallback through xdebug.client_host/xdebug.client_port) :-(
[02-Jul-2022 17:48:22 UTC] Xdebug: [Step Debug] Could not connect to debugging client. Tried: ::1:9000 (from HTTP_X_FORWARDED_FOR HTTP header), localhost:9000 (fallback through xdebug.client_host/xdebug.client_port) :-(
[02-Jul-2022 17:48:22 UTC] Xdebug: [Step Debug] Could not connect to debugging client. Tried: ::1:9000 (from HTTP_X_FORWARDED_FOR HTTP header), localhost:9000 (fallback through xdebug.client_host/xdebug.client_port) :-(
[02-Jul-2022 17:48:22 UTC] Xdebug: [Step Debug] Could not connect to debugging client. Tried: ::1:9000 (from HTTP_X_FORWARDED_FOR HTTP header), localhost:9000 (fallback through xdebug.client_host/xdebug.client_port) :-(
[02-Jul-2022 17:48:22 UTC] Xdebug: [Step Debug] Could not connect to debugging client. Tried: ::1:9000 (from HTTP_X_FORWARDED_FOR HTTP header), localhost:9000 (fallback through xdebug.client_host/xdebug.client_port) :-(
[02-Jul-2022 17:48:22 UTC] Xdebug: [Step Debug] Could not connect to debugging client. Tried: ::1:9000 (from HTTP_X_FORWARDED_FOR HTTP header), localhost:9000 (fallback through xdebug.client_host/xdebug.client_port) :-(
[02-Jul-2022 17:48:22 UTC] Xdebug: [Step Debug] Could not connect to debugging client. Tried: ::1:9000 (from HTTP_X_FORWARDED_FOR HTTP header), localhost:9000 (fallback through xdebug.client_host/xdebug.client_port) :-(
[02-Jul-2022 17:48:22 UTC] Xdebug: [Step Debug] Could not connect to debugging client. Tried: ::1:9000 (from HTTP_X_FORWARDED_FOR HTTP header), localhost:9000 (fallback through xdebug.client_host/xdebug.client_port) :-(
[02-Jul-2022 17:48:22 UTC] Xdebug: [Step Debug] Could not connect to debugging client. Tried: ::1:9000 (from HTTP_X_FORWARDED_FOR HTTP header), localhost:9000 (fallback through xdebug.client_host/xdebug.client_port) :-(
[02-Jul-2022 17:48:22 UTC] Xdebug: [Step Debug] Could not connect to debugging client. Tried: ::1:9000 (from HTTP_X_FORWARDED_FOR HTTP header), localhost:9000 (fallback through xdebug.client_host/xdebug.client_port) :-(
[02-Jul-2022 17:48:22 UTC] Xdebug: [Step Debug] Could not connect to debugging client. Tried: ::1:9000 (from HTTP_X_FORWARDED_FOR HTTP header), localhost:9000 (fallback through xdebug.client_host/xdebug.client_port) :-(
[02-Jul-2022 17:48:22 UTC] Xdebug: [Step Debug] Could not connect to debugging client. Tried: ::1:9000 (from HTTP_X_FORWARDED_FOR HTTP header), localhost:9000 (fallback through xdebug.client_host/xdebug.client_port) :-(
[02-Jul-2022 17:48:22 UTC] Xdebug: [Step Debug] Could not connect to debugging client. Tried: ::1:9000 (from HTTP_X_FORWARDED_FOR HTTP header), localhost:9000 (fallback through xdebug.client_host/xdebug.client_port) :-(
[02-Jul-2022 17:48:22 UTC] Xdebug: [Step Debug] Could not connect to debugging client. Tried: ::1:9000 (from HTTP_X_FORWARDED_FOR HTTP header), localhost:9000 (fallback through xdebug.client_host/xdebug.client_port) :-(
[02-Jul-2022 17:48:22 UTC] Xdebug: [Step Debug] Could not connect to debugging client. Tried: ::1:9000 (from HTTP_X_FORWARDED_FOR HTTP header), localhost:9000 (fallback through xdebug.client_host/xdebug.client_port) :-(
[02-Jul-2022 17:48:22 UTC] Xdebug: [Step Debug] Could not connect to debugging client. Tried: ::1:9000 (from HTTP_X_FORWARDED_FOR HTTP header), localhost:9000 (fallback through xdebug.client_host/xdebug.client_port) :-(
[02-Jul-2022 17:48:22 UTC] Xdebug: [Step Debug] Could not connect to debugging client. Tried: ::1:9000 (from HTTP_X_FORWARDED_FOR HTTP header), localhost:9000 (fallback through xdebug.client_host/xdebug.client_port) :-(
[02-Jul-2022 17:48:22 UTC] Xdebug: [Step Debug] Could not connect to debugging client. Tried: ::1:9000 (from HTTP_X_FORWARDED_FOR HTTP header), localhost:9000 (fallback through xdebug.client_host/xdebug.client_port) :-(
[02-Jul-2022 17:48:22 UTC] Xdebug: [Step Debug] Could not connect to debugging client. Tried: ::1:9000 (from HTTP_X_FORWARDED_FOR HTTP header), localhost:9000 (fallback through xdebug.client_host/xdebug.client_port) :-(
[02-Jul-2022 17:48:22 UTC] Xdebug: [Step Debug] Could not connect to debugging client. Tried: ::1:9000 (from HTTP_X_FORWARDED_FOR HTTP header), localhost:9000 (fallback through xdebug.client_host/xdebug.client_port) :-(
[02-Jul-2022 17:48:22 UTC] Xdebug: [Step Debug] Could not connect to debugging client. Tried: ::1:9000 (from HTTP_X_FORWARDED_FOR HTTP header), localhost:9000 (fallback through xdebug.client_host/xdebug.client_port) :-(
[02-Jul-2022 17:48:22 UTC] Xdebug: [Step Debug] Could not connect to debugging client. Tried: ::1:9000 (from HTTP_X_FORWARDED_FOR HTTP header), localhost:9000 (fallback through xdebug.client_host/xdebug.client_port) :-(
[02-Jul-2022 17:48:22 UTC] Xdebug: [Step Debug] Could not connect to debugging client. Tried: ::1:9000 (from HTTP_X_FORWARDED_FOR HTTP header), localhost:9000 (fallback through xdebug.client_host/xdebug.client_port) :-(
[02-Jul-2022 17:48:22 UTC] Xdebug: [Step Debug] Could not connect to debugging client. Tried: ::1:9000 (from HTTP_X_FORWARDED_FOR HTTP header), localhost:9000 (fallback through xdebug.client_host/xdebug.client_port) :-(
[02-Jul-2022 17:48:22 UTC] Xdebug: [Step Debug] Could not connect to debugging client. Tried: ::1:9000 (from HTTP_X_FORWARDED_FOR HTTP header), localhost:9000 (fallback through xdebug.client_host/xdebug.client_port) :-(
[02-Jul-2022 17:48:22 UTC] Xdebug: [Step Debug] Could not connect to debugging client. Tried: ::1:9000 (from HTTP_X_FORWARDED_FOR HTTP header), localhost:9000 (fallback through xdebug.client_host/xdebug.client_port) :-(
[02-Jul-2022 17:48:22 UTC] Xdebug: [Step Debug] Could not connect to debugging client. Tried: ::1:9000 (from HTTP_X_FORWARDED_FOR HTTP header), localhost:9000 (fallback through xdebug.client_host/xdebug.client_port) :-(
[02-Jul-2022 17:48:22 UTC] Xdebug: [Step Debug] Could not connect to debugging client. Tried: ::1:9000 (from HTTP_X_FORWARDED_FOR HTTP header), localhost:9000 (fallback through xdebug.client_host/xdebug.client_port) :-(
[02-Jul-2022 17:48:22 UTC] Xdebug: [Step Debug] Could not connect to debugging client. Tried: ::1:9000 (from HTTP_X_FORWARDED_FOR HTTP header), localhost:9000 (fallback through xdebug.client_host/xdebug.client_port) :-(
[02-Jul-2022 17:48:22 UTC] Xdebug: [Step Debug] Could not connect to debugging client. Tried: ::1:9000 (from HTTP_X_FORWARDED_FOR HTTP header), localhost:9000 (fallback through xdebug.client_host/xdebug.client_port) :-(
[02-Jul-2022 17:48:22 UTC] Xdebug: [Step Debug] Could not connect to debugging client. Tried: ::1:9000 (from HTTP_X_FORWARDED_FOR HTTP header), localhost:9000 (fallback through xdebug.client_host/xdebug.client_port) :-(
[02-Jul-2022 17:48:22 UTC] Xdebug: [Step Debug] Could not connect to debugging client. Tried: ::1:9000 (from HTTP_X_FORWARDED_FOR HTTP header), localhost:9000 (fallback through xdebug.client_host/xdebug.client_port) :-(
[02-Jul-2022 17:48:22 UTC] Xdebug: [Step Debug] Could not connect to debugging client. Tried: ::1:9000 (from HTTP_X_FORWARDED_FOR HTTP header), localhost:9000 (fallback through xdebug.client_host/xdebug.client_port) :-(
[02-Jul-2022 17:48:22 UTC] Xdebug: [Step Debug] Could not connect to debugging client. Tried: ::1:9000 (from HTTP_X_FORWARDED_FOR HTTP header), localhost:9000 (fallback through xdebug.client_host/xdebug.client_port) :-(
[02-Jul-2022 17:48:22 UTC] Xdebug: [Step Debug] Could not connect to debugging client. Tried: ::1:9000 (from HTTP_X_FORWARDED_FOR HTTP header), localhost:9000 (fallback through xdebug.client_host/xdebug.client_port) :-(
[02-Jul-2022 17:48:22 UTC] Xdebug: [Step Debug] Could not connect to debugging client. Tried: ::1:9000 (from HTTP_X_FORWARDED_FOR HTTP header), localhost:9000 (fallback through xdebug.client_host/xdebug.client_port) :-(
[02-Jul-2022 17:48:22 UTC] Xdebug: [Step Debug] Could not connect to debugging client. Tried: ::1:9000 (from HTTP_X_FORWARDED_FOR HTTP header), localhost:9000 (fallback through xdebug.client_host/xdebug.client_port) :-(
[02-Jul-2022 17:48:22 UTC] Xdebug: [Step Debug] Could not connect to debugging client. Tried: ::1:9000 (from HTTP_X_FORWARDED_FOR HTTP header), localhost:9000 (fallback through xdebug.client_host/xdebug.client_port) :-(
[02-Jul-2022 17:48:22 UTC] Xdebug: [Step Debug] Could not connect to debugging client. Tried: ::1:9000 (from HTTP_X_FORWARDED_FOR HTTP header), localhost:9000 (fallback through xdebug.client_host/xdebug.client_port) :-(
[02-Jul-2022 17:48:22 UTC] Xdebug: [Step Debug] Could not connect to debugging client. Tried: ::1:9000 (from HTTP_X_FORWARDED_FOR HTTP header), localhost:9000 (fallback through xdebug.client_host/xdebug.client_port) :-(
[02-Jul-2022 17:48:22 UTC] Xdebug: [Step Debug] Could not connect to debugging client. Tried: ::1:9000 (from HTTP_X_FORWARDED_FOR HTTP header), localhost:9000 (fallback through xdebug.client_host/xdebug.client_port) :-(
[02-Jul-2022 17:48:22 UTC] Xdebug: [Step Debug] Could not connect to debugging client. Tried: ::1:9000 (from HTTP_X_FORWARDED_FOR HTTP header), localhost:9000 (fallback through xdebug.client_host/xdebug.client_port) :-(
[02-Jul-2022 17:48:22 UTC] Xdebug: [Step Debug] Could not connect to debugging client. Tried: ::1:9000 (from HTTP_X_FORWARDED_FOR HTTP header), localhost:9000 (fallback through xdebug.client_host/xdebug.client_port) :-(
[02-Jul-2022 17:48:22 UTC] Xdebug: [Step Debug] Could not connect to debugging client. Tried: ::1:9000 (from HTTP_X_FORWARDED_FOR HTTP header), localhost:9000 (fallback through xdebug.client_host/xdebug.client_port) :-(
[02-Jul-2022 17:48:22 UTC] Xdebug: [Step Debug] Could not connect to debugging client. Tried: ::1:9000 (from HTTP_X_FORWARDED_FOR HTTP header), localhost:9000 (fallback through xdebug.client_host/xdebug.client_port) :-(
[02-Jul-2022 17:48:22 UTC] Xdebug: [Step Debug] Could not connect to debugging client. Tried: ::1:9000 (from HTTP_X_FORWARDED_FOR HTTP header), localhost:9000 (fallback through xdebug.client_host/xdebug.client_port) :-(
[02-Jul-2022 17:48:22 UTC] Xdebug: [Step Debug] Could not connect to debugging client. Tried: ::1:9000 (from HTTP_X_FORWARDED_FOR HTTP header), localhost:9000 (fallback through xdebug.client_host/xdebug.client_port) :-(
[02-Jul-2022 17:48:22 UTC] Xdebug: [Step Debug] Could not connect to debugging client. Tried: ::1:9000 (from HTTP_X_FORWARDED_FOR HTTP header), localhost:9000 (fallback through xdebug.client_host/xdebug.client_port) :-(
[02-Jul-2022 17:48:22 UTC] Xdebug: [Step Debug] Could not connect to debugging client. Tried: ::1:9000 (from HTTP_X_FORWARDED_FOR HTTP header), localhost:9000 (fallback through xdebug.client_host/xdebug.client_port) :-(
[02-Jul-2022 17:48:22 UTC] Xdebug: [Step Debug] Could not connect to debugging client. Tried: ::1:9000 (from HTTP_X_FORWARDED_FOR HTTP header), localhost:9000 (fallback through xdebug.client_host/xdebug.client_port) :-(
[02-Jul-2022 17:48:22 UTC] Xdebug: [Step Debug] Could not connect to debugging client. Tried: ::1:9000 (from HTTP_X_FORWARDED_FOR HTTP header), localhost:9000 (fallback through xdebug.client_host/xdebug.client_port) :-(
[02-Jul-2022 17:48:22 UTC] Xdebug: [Step Debug] Could not connect to debugging client. Tried: ::1:9000 (from HTTP_X_FORWARDED_FOR HTTP header), localhost:9000 (fallback through xdebug.client_host/xdebug.client_port) :-(
[02-Jul-2022 17:48:22 UTC] Xdebug: [Step Debug] Could not connect to debugging client. Tried: ::1:9000 (from HTTP_X_FORWARDED_FOR HTTP header), localhost:9000 (fallback through xdebug.client_host/xdebug.client_port) :-(
[02-Jul-2022 17:48:22 UTC] Xdebug: [Step Debug] Could not connect to debugging client. Tried: ::1:9000 (from HTTP_X_FORWARDED_FOR HTTP header), localhost:9000 (fallback through xdebug.client_host/xdebug.client_port) :-(
[02-Jul-2022 17:48:22 UTC] Xdebug: [Step Debug] Could not connect to debugging client. Tried: ::1:9000 (from HTTP_X_FORWARDED_FOR HTTP header), localhost:9000 (fallback through xdebug.client_host/xdebug.client_port) :-(
[02-Jul-2022 17:48:22 UTC] Xdebug: [Step Debug] Could not connect to debugging client. Tried: ::1:9000 (from HTTP_X_FORWARDED_FOR HTTP header), localhost:9000 (fallback through xdebug.client_host/xdebug.client_port) :-(
[02-Jul-2022 17:48:22 UTC] Xdebug: [Step Debug] Could not connect to debugging client. Tried: ::1:9000 (from HTTP_X_FORWARDED_FOR HTTP header), localhost:9000 (fallback through xdebug.client_host/xdebug.client_port) :-(
[02-Jul-2022 17:48:22 UTC] Xdebug: [Step Debug] Could not connect to debugging client. Tried: ::1:9000 (from HTTP_X_FORWARDED_FOR HTTP header), localhost:9000 (fallback through xdebug.client_host/xdebug.client_port) :-(
[02-Jul-2022 17:48:22 UTC] Xdebug: [Step Debug] Could not connect to debugging client. Tried: ::1:9000 (from HTTP_X_FORWARDED_FOR HTTP header), localhost:9000 (fallback through xdebug.client_host/xdebug.client_port) :-(
[02-Jul-2022 17:48:22 UTC] Xdebug: [Step Debug] Could not connect to debugging client. Tried: ::1:9000 (from HTTP_X_FORWARDED_FOR HTTP header), localhost:9000 (fallback through xdebug.client_host/xdebug.client_port) :-(
[02-Jul-2022 17:48:22 UTC] Xdebug: [Step Debug] Could not connect to debugging client. Tried: ::1:9000 (from HTTP_X_FORWARDED_FOR HTTP header), localhost:9000 (fallback through xdebug.client_host/xdebug.client_port) :-(
[02-Jul-2022 17:48:25 UTC] Xdebug: [Step Debug] Could not connect to debugging client. Tried: ::1:9000 (from HTTP_X_FORWARDED_FOR HTTP header), localhost:9000 (fallback through xdebug.client_host/xdebug.client_port) :-(
[02-Jul-2022 17:48:25 UTC] Xdebug: [Step Debug] Could not connect to debugging client. Tried: ::1:9000 (from HTTP_X_FORWARDED_FOR HTTP header), localhost:9000 (fallback through xdebug.client_host/xdebug.client_port) :-(
[02-Jul-2022 17:48:25 UTC] Xdebug: [Step Debug] Could not connect to debugging client. Tried: ::1:9000 (from HTTP_X_FORWARDED_FOR HTTP header), localhost:9000 (fallback through xdebug.client_host/xdebug.client_port) :-(
[02-Jul-2022 17:48:25 UTC] Xdebug: [Step Debug] Could not connect to debugging client. Tried: ::1:9000 (from HTTP_X_FORWARDED_FOR HTTP header), localhost:9000 (fallback through xdebug.client_host/xdebug.client_port) :-(
[02-Jul-2022 17:48:25 UTC] Xdebug: [Step Debug] Could not connect to debugging client. Tried: ::1:9000 (from HTTP_X_FORWARDED_FOR HTTP header), localhost:9000 (fallback through xdebug.client_host/xdebug.client_port) :-(
[02-Jul-2022 17:48:25 UTC] Xdebug: [Step Debug] Could not connect to debugging client. Tried: ::1:9000 (from HTTP_X_FORWARDED_FOR HTTP header), localhost:9000 (fallback through xdebug.client_host/xdebug.client_port) :-(
[02-Jul-2022 17:48:25 UTC] Xdebug: [Step Debug] Could not connect to debugging client. Tried: ::1:9000 (from HTTP_X_FORWARDED_FOR HTTP header), localhost:9000 (fallback through xdebug.client_host/xdebug.client_port) :-(
[02-Jul-2022 17:48:25 UTC] Xdebug: [Step Debug] Could not connect to debugging client. Tried: ::1:9000 (from HTTP_X_FORWARDED_FOR HTTP header), localhost:9000 (fallback through xdebug.client_host/xdebug.client_port) :-(
[02-Jul-2022 17:48:25 UTC] Xdebug: [Step Debug] Could not connect to debugging client. Tried: ::1:9000 (from HTTP_X_FORWARDED_FOR HTTP header), localhost:9000 (fallback through xdebug.client_host/xdebug.client_port) :-(
[02-Jul-2022 17:49:25 UTC] Xdebug: [Step Debug] Could not connect to debugging client. Tried: ::1:9000 (from HTTP_X_FORWARDED_FOR HTTP header), localhost:9000 (fallback through xdebug.client_host/xdebug.client_port) :-(
[02-Jul-2022 17:49:25 UTC] Xdebug: [Step Debug] Could not connect to debugging client. Tried: ::1:9000 (from HTTP_X_FORWARDED_FOR HTTP header), localhost:9000 (fallback through xdebug.client_host/xdebug.client_port) :-(
[02-Jul-2022 17:49:25 UTC] Xdebug: [Step Debug] Could not connect to debugging client. Tried: ::1:9000 (from HTTP_X_FORWARDED_FOR HTTP header), localhost:9000 (fallback through xdebug.client_host/xdebug.client_port) :-(
[02-Jul-2022 17:49:25 UTC] Xdebug: [Step Debug] Could not connect to debugging client. Tried: ::1:9000 (from HTTP_X_FORWARDED_FOR HTTP header), localhost:9000 (fallback through xdebug.client_host/xdebug.client_port) :-(
[02-Jul-2022 17:49:25 UTC] Xdebug: [Step Debug] Could not connect to debugging client. Tried: ::1:9000 (from HTTP_X_FORWARDED_FOR HTTP header), localhost:9000 (fallback through xdebug.client_host/xdebug.client_port) :-(
[02-Jul-2022 17:49:25 UTC] Xdebug: [Step Debug] Could not connect to debugging client. Tried: ::1:9000 (from HTTP_X_FORWARDED_FOR HTTP header), localhost:9000 (fallback through xdebug.client_host/xdebug.client_port) :-(
[02-Jul-2022 17:50:29 UTC] Xdebug: [Step Debug] Could not connect to debugging client. Tried: ::1:9000 (from HTTP_X_FORWARDED_FOR HTTP header), localhost:9000 (fallback through xdebug.client_host/xdebug.client_port) :-(
[02-Jul-2022 17:50:29 UTC] Xdebug: [Step Debug] Could not connect to debugging client. Tried: ::1:9000 (from HTTP_X_FORWARDED_FOR HTTP header), localhost:9000 (fallback through xdebug.client_host/xdebug.client_port) :-(
[02-Jul-2022 17:50:29 UTC] Xdebug: [Step Debug] Could not connect to debugging client. Tried: ::1:9000 (from HTTP_X_FORWARDED_FOR HTTP header), localhost:9000 (fallback through xdebug.client_host/xdebug.client_port) :-(
[02-Jul-2022 17:52:30 UTC] Xdebug: [Step Debug] Could not connect to debugging client. Tried: ::1:9000 (from HTTP_X_FORWARDED_FOR HTTP header), localhost:9000 (fallback through xdebug.client_host/xdebug.client_port) :-(
[02-Jul-2022 17:52:30 UTC] Xdebug: [Step Debug] Could not connect to debugging client. Tried: ::1:9000 (from HTTP_X_FORWARDED_FOR HTTP header), localhost:9000 (fallback through xdebug.client_host/xdebug.client_port) :-(
[02-Jul-2022 17:52:30 UTC] Xdebug: [Step Debug] Could not connect to debugging client. Tried: ::1:9000 (from HTTP_X_FORWARDED_FOR HTTP header), localhost:9000 (fallback through xdebug.client_host/xdebug.client_port) :-(
[02-Jul-2022 17:54:34 UTC] Xdebug: [Step Debug] Could not connect to debugging client. Tried: ::1:9000 (from HTTP_X_FORWARDED_FOR HTTP header), localhost:9000 (fallback through xdebug.client_host/xdebug.client_port) :-(
[02-Jul-2022 17:54:34 UTC] Xdebug: [Step Debug] Could not connect to debugging client. Tried: ::1:9000 (from HTTP_X_FORWARDED_FOR HTTP header), localhost:9000 (fallback through xdebug.client_host/xdebug.client_port) :-(
[02-Jul-2022 17:54:34 UTC] Xdebug: [Step Debug] Could not connect to debugging client. Tried: ::1:9000 (from HTTP_X_FORWARDED_FOR HTTP header), localhost:9000 (fallback through xdebug.client_host/xdebug.client_port) :-(
[02-Jul-2022 17:56:00 UTC] Xdebug: [Step Debug] Could not connect to debugging client. Tried: ::1:9000 (from HTTP_X_FORWARDED_FOR HTTP header), localhost:9000 (fallback through xdebug.client_host/xdebug.client_port) :-(
[02-Jul-2022 17:56:00 UTC] Xdebug: [Step Debug] Could not connect to debugging client. Tried: ::1:9000 (from HTTP_X_FORWARDED_FOR HTTP header), localhost:9000 (fallback through xdebug.client_host/xdebug.client_port) :-(
[02-Jul-2022 17:56:00 UTC] Xdebug: [Step Debug] Could not connect to debugging client. Tried: ::1:9000 (from HTTP_X_FORWARDED_FOR HTTP header), localhost:9000 (fallback through xdebug.client_host/xdebug.client_port) :-(
[02-Jul-2022 17:56:02 UTC] Xdebug: [Step Debug] Could not connect to debugging client. Tried: ::1:9000 (from HTTP_X_FORWARDED_FOR HTTP header), localhost:9000 (fallback through xdebug.client_host/xdebug.client_port) :-(
[02-Jul-2022 17:56:02 UTC] Xdebug: [Step Debug] Could not connect to debugging client. Tried: ::1:9000 (from HTTP_X_FORWARDED_FOR HTTP header), localhost:9000 (fallback through xdebug.client_host/xdebug.client_port) :-(
[02-Jul-2022 17:56:02 UTC] Xdebug: [Step Debug] Could not connect to debugging client. Tried: ::1:9000 (from HTTP_X_FORWARDED_FOR HTTP header), localhost:9000 (fallback through xdebug.client_host/xdebug.client_port) :-(
[02-Jul-2022 17:56:02 UTC] Xdebug: [Step Debug] Could not connect to debugging client. Tried: ::1:9000 (from HTTP_X_FORWARDED_FOR HTTP header), localhost:9000 (fallback through xdebug.client_host/xdebug.client_port) :-(
[02-Jul-2022 17:56:02 UTC] Xdebug: [Step Debug] Could not connect to debugging client. Tried: ::1:9000 (from HTTP_X_FORWARDED_FOR HTTP header), localhost:9000 (fallback through xdebug.client_host/xdebug.client_port) :-(
[02-Jul-2022 17:56:03 UTC] Xdebug: [Step Debug] Could not connect to debugging client. Tried: ::1:9000 (from HTTP_X_FORWARDED_FOR HTTP header), localhost:9000 (fallback through xdebug.client_host/xdebug.client_port) :-(
[02-Jul-2022 17:56:06 UTC] Xdebug: [Step Debug] Could not connect to debugging client. Tried: ::1:9000 (from HTTP_X_FORWARDED_FOR HTTP header), localhost:9000 (fallback through xdebug.client_host/xdebug.client_port) :-(
[02-Jul-2022 17:56:06 UTC] Xdebug: [Step Debug] Could not connect to debugging client. Tried: ::1:9000 (from HTTP_X_FORWARDED_FOR HTTP header), localhost:9000 (fallback through xdebug.client_host/xdebug.client_port) :-(
[02-Jul-2022 17:56:06 UTC] Xdebug: [Step Debug] Could not connect to debugging client. Tried: ::1:9000 (from HTTP_X_FORWARDED_FOR HTTP header), localhost:9000 (fallback through xdebug.client_host/xdebug.client_port) :-(
[02-Jul-2022 17:57:02 UTC] Xdebug: [Step Debug] Could not connect to debugging client. Tried: ::1:9000 (from HTTP_X_FORWARDED_FOR HTTP header), localhost:9000 (fallback through xdebug.client_host/xdebug.client_port) :-(
[02-Jul-2022 17:57:02 UTC] Xdebug: [Step Debug] Could not connect to debugging client. Tried: ::1:9000 (from HTTP_X_FORWARDED_FOR HTTP header), localhost:9000 (fallback through xdebug.client_host/xdebug.client_port) :-(
[02-Jul-2022 17:57:03 UTC] Xdebug: [Step Debug] Could not connect to debugging client. Tried: ::1:9000 (from HTTP_X_FORWARDED_FOR HTTP header), localhost:9000 (fallback through xdebug.client_host/xdebug.client_port) :-(
[02-Jul-2022 17:57:04 UTC] Xdebug: [Step Debug] Could not connect to debugging client. Tried: ::1:9000 (from HTTP_X_FORWARDED_FOR HTTP header), localhost:9000 (fallback through xdebug.client_host/xdebug.client_port) :-(
[02-Jul-2022 17:57:04 UTC] Xdebug: [Step Debug] Could not connect to debugging client. Tried: ::1:9000 (from HTTP_X_FORWARDED_FOR HTTP header), localhost:9000 (fallback through xdebug.client_host/xdebug.client_port) :-(
[02-Jul-2022 17:57:04 UTC] Xdebug: [Step Debug] Could not connect to debugging client. Tried: ::1:9000 (from HTTP_X_FORWARDED_FOR HTTP header), localhost:9000 (fallback through xdebug.client_host/xdebug.client_port) :-(
[02-Jul-2022 17:57:04 UTC] Xdebug: [Step Debug] Could not connect to debugging client. Tried: ::1:9000 (from HTTP_X_FORWARDED_FOR HTTP header), localhost:9000 (fallback through xdebug.client_host/xdebug.client_port) :-(
[02-Jul-2022 17:57:04 UTC] Xdebug: [Step Debug] Could not connect to debugging client. Tried: ::1:9000 (from HTTP_X_FORWARDED_FOR HTTP header), localhost:9000 (fallback through xdebug.client_host/xdebug.client_port) :-(
[02-Jul-2022 17:57:04 UTC] Xdebug: [Step Debug] Could not connect to debugging client. Tried: ::1:9000 (from HTTP_X_FORWARDED_FOR HTTP header), localhost:9000 (fallback through xdebug.client_host/xdebug.client_port) :-(
[02-Jul-2022 17:58:06 UTC] Xdebug: [Step Debug] Could not connect to debugging client. Tried: ::1:9000 (from HTTP_X_FORWARDED_FOR HTTP header), localhost:9000 (fallback through xdebug.client_host/xdebug.client_port) :-(
[02-Jul-2022 17:58:06 UTC] Xdebug: [Step Debug] Could not connect to debugging client. Tried: ::1:9000 (from HTTP_X_FORWARDED_FOR HTTP header), localhost:9000 (fallback through xdebug.client_host/xdebug.client_port) :-(
[02-Jul-2022 17:58:06 UTC] Xdebug: [Step Debug] Could not connect to debugging client. Tried: ::1:9000 (from HTTP_X_FORWARDED_FOR HTTP header), localhost:9000 (fallback through xdebug.client_host/xdebug.client_port) :-(
[02-Jul-2022 18:00:09 UTC] Xdebug: [Step Debug] Could not connect to debugging client. Tried: ::1:9000 (from HTTP_X_FORWARDED_FOR HTTP header), localhost:9000 (fallback through xdebug.client_host/xdebug.client_port) :-(
[02-Jul-2022 18:00:09 UTC] Xdebug: [Step Debug] Could not connect to debugging client. Tried: ::1:9000 (from HTTP_X_FORWARDED_FOR HTTP header), localhost:9000 (fallback through xdebug.client_host/xdebug.client_port) :-(
[02-Jul-2022 18:00:09 UTC] Xdebug: [Step Debug] Could not connect to debugging client. Tried: ::1:9000 (from HTTP_X_FORWARDED_FOR HTTP header), localhost:9000 (fallback through xdebug.client_host/xdebug.client_port) :-(
[02-Jul-2022 18:02:11 UTC] Xdebug: [Step Debug] Could not connect to debugging client. Tried: ::1:9000 (from HTTP_X_FORWARDED_FOR HTTP header), localhost:9000 (fallback through xdebug.client_host/xdebug.client_port) :-(
[02-Jul-2022 18:02:11 UTC] Xdebug: [Step Debug] Could not connect to debugging client. Tried: ::1:9000 (from HTTP_X_FORWARDED_FOR HTTP header), localhost:9000 (fallback through xdebug.client_host/xdebug.client_port) :-(
[02-Jul-2022 18:02:11 UTC] Xdebug: [Step Debug] Could not connect to debugging client. Tried: ::1:9000 (from HTTP_X_FORWARDED_FOR HTTP header), localhost:9000 (fallback through xdebug.client_host/xdebug.client_port) :-(
[02-Jul-2022 18:04:21 UTC] Xdebug: [Step Debug] Could not connect to debugging client. Tried: ::1:9000 (from HTTP_X_FORWARDED_FOR HTTP header), localhost:9000 (fallback through xdebug.client_host/xdebug.client_port) :-(
[02-Jul-2022 18:04:21 UTC] Xdebug: [Step Debug] Could not connect to debugging client. Tried: ::1:9000 (from HTTP_X_FORWARDED_FOR HTTP header), localhost:9000 (fallback through xdebug.client_host/xdebug.client_port) :-(
[02-Jul-2022 18:04:22 UTC] Xdebug: [Step Debug] Could not connect to debugging client. Tried: ::1:9000 (from HTTP_X_FORWARDED_FOR HTTP header), localhost:9000 (fallback through xdebug.client_host/xdebug.client_port) :-(
[02-Jul-2022 18:04:25 UTC] Xdebug: [Step Debug] Could not connect to debugging client. Tried: ::1:9000 (from HTTP_X_FORWARDED_FOR HTTP header), localhost:9000 (fallback through xdebug.client_host/xdebug.client_port) :-(
[02-Jul-2022 18:04:25 UTC] Xdebug: [Step Debug] Could not connect to debugging client. Tried: ::1:9000 (from HTTP_X_FORWARDED_FOR HTTP header), localhost:9000 (fallback through xdebug.client_host/xdebug.client_port) :-(
[02-Jul-2022 18:04:25 UTC] Xdebug: [Step Debug] Could not connect to debugging client. Tried: ::1:9000 (from HTTP_X_FORWARDED_FOR HTTP header), localhost:9000 (fallback through xdebug.client_host/xdebug.client_port) :-(
[02-Jul-2022 18:04:32 UTC] Xdebug: [Step Debug] Could not connect to debugging client. Tried: ::1:9000 (from HTTP_X_FORWARDED_FOR HTTP header), localhost:9000 (fallback through xdebug.client_host/xdebug.client_port) :-(
[02-Jul-2022 18:04:32 UTC] Xdebug: [Step Debug] Could not connect to debugging client. Tried: ::1:9000 (from HTTP_X_FORWARDED_FOR HTTP header), localhost:9000 (fallback through xdebug.client_host/xdebug.client_port) :-(
[02-Jul-2022 18:04:32 UTC] Xdebug: [Step Debug] Could not connect to debugging client. Tried: ::1:9000 (from HTTP_X_FORWARDED_FOR HTTP header), localhost:9000 (fallback through xdebug.client_host/xdebug.client_port) :-(
[02-Jul-2022 18:04:32 UTC] Xdebug: [Step Debug] Could not connect to debugging client. Tried: ::1:9000 (from HTTP_X_FORWARDED_FOR HTTP header), localhost:9000 (fallback through xdebug.client_host/xdebug.client_port) :-(
[02-Jul-2022 18:04:32 UTC] Xdebug: [Step Debug] Could not connect to debugging client. Tried: ::1:9000 (from HTTP_X_FORWARDED_FOR HTTP header), localhost:9000 (fallback through xdebug.client_host/xdebug.client_port) :-(
[02-Jul-2022 18:04:32 UTC] Xdebug: [Step Debug] Could not connect to debugging client. Tried: ::1:9000 (from HTTP_X_FORWARDED_FOR HTTP header), localhost:9000 (fallback through xdebug.client_host/xdebug.client_port) :-(
[02-Jul-2022 18:04:32 UTC] Xdebug: [Step Debug] Could not connect to debugging client. Tried: ::1:9000 (from HTTP_X_FORWARDED_FOR HTTP header), localhost:9000 (fallback through xdebug.client_host/xdebug.client_port) :-(
[02-Jul-2022 18:04:33 UTC] Xdebug: [Step Debug] Could not connect to debugging client. Tried: ::1:9000 (from HTTP_X_FORWARDED_FOR HTTP header), localhost:9000 (fallback through xdebug.client_host/xdebug.client_port) :-(
[02-Jul-2022 18:04:36 UTC] Xdebug: [Step Debug] Could not connect to debugging client. Tried: ::1:9000 (from HTTP_X_FORWARDED_FOR HTTP header), localhost:9000 (fallback through xdebug.client_host/xdebug.client_port) :-(
[02-Jul-2022 18:04:36 UTC] Xdebug: [Step Debug] Could not connect to debugging client. Tried: ::1:9000 (from HTTP_X_FORWARDED_FOR HTTP header), localhost:9000 (fallback through xdebug.client_host/xdebug.client_port) :-(
[02-Jul-2022 18:04:36 UTC] Xdebug: [Step Debug] Could not connect to debugging client. Tried: ::1:9000 (from HTTP_X_FORWARDED_FOR HTTP header), localhost:9000 (fallback through xdebug.client_host/xdebug.client_port) :-(
[02-Jul-2022 18:04:40 UTC] Xdebug: [Step Debug] Could not connect to debugging client. Tried: ::1:9000 (from HTTP_X_FORWARDED_FOR HTTP header), localhost:9000 (fallback through xdebug.client_host/xdebug.client_port) :-(
[02-Jul-2022 18:04:40 UTC] Xdebug: [Step Debug] Could not connect to debugging client. Tried: ::1:9000 (from HTTP_X_FORWARDED_FOR HTTP header), localhost:9000 (fallback through xdebug.client_host/xdebug.client_port) :-(
[02-Jul-2022 18:04:40 UTC] Xdebug: [Step Debug] Could not connect to debugging client. Tried: ::1:9000 (from HTTP_X_FORWARDED_FOR HTTP header), localhost:9000 (fallback through xdebug.client_host/xdebug.client_port) :-(
[02-Jul-2022 18:04:40 UTC] Xdebug: [Step Debug] Could not connect to debugging client. Tried: ::1:9000 (from HTTP_X_FORWARDED_FOR HTTP header), localhost:9000 (fallback through xdebug.client_host/xdebug.client_port) :-(
[02-Jul-2022 18:04:40 UTC] Xdebug: [Step Debug] Could not connect to debugging client. Tried: ::1:9000 (from HTTP_X_FORWARDED_FOR HTTP header), localhost:9000 (fallback through xdebug.client_host/xdebug.client_port) :-(
[02-Jul-2022 18:04:40 UTC] Xdebug: [Step Debug] Could not connect to debugging client. Tried: ::1:9000 (from HTTP_X_FORWARDED_FOR HTTP header), localhost:9000 (fallback through xdebug.client_host/xdebug.client_port) :-(
[02-Jul-2022 18:04:44 UTC] Xdebug: [Step Debug] Could not connect to debugging client. Tried: ::1:9000 (from HTTP_X_FORWARDED_FOR HTTP header), localhost:9000 (fallback through xdebug.client_host/xdebug.client_port) :-(
[02-Jul-2022 18:04:44 UTC] Xdebug: [Step Debug] Could not connect to debugging client. Tried: ::1:9000 (from HTTP_X_FORWARDED_FOR HTTP header), localhost:9000 (fallback through xdebug.client_host/xdebug.client_port) :-(
[02-Jul-2022 18:04:44 UTC] Xdebug: [Step Debug] Could not connect to debugging client. Tried: ::1:9000 (from HTTP_X_FORWARDED_FOR HTTP header), localhost:9000 (fallback through xdebug.client_host/xdebug.client_port) :-(
[02-Jul-2022 18:04:44 UTC] Xdebug: [Step Debug] Could not connect to debugging client. Tried: ::1:9000 (from HTTP_X_FORWARDED_FOR HTTP header), localhost:9000 (fallback through xdebug.client_host/xdebug.client_port) :-(
[02-Jul-2022 18:04:44 UTC] Xdebug: [Step Debug] Could not connect to debugging client. Tried: ::1:9000 (from HTTP_X_FORWARDED_FOR HTTP header), localhost:9000 (fallback through xdebug.client_host/xdebug.client_port) :-(
[02-Jul-2022 18:04:44 UTC] Xdebug: [Step Debug] Could not connect to debugging client. Tried: ::1:9000 (from HTTP_X_FORWARDED_FOR HTTP header), localhost:9000 (fallback through xdebug.client_host/xdebug.client_port) :-(
[02-Jul-2022 18:05:41 UTC] Xdebug: [Step Debug] Could not connect to debugging client. Tried: ::1:9000 (from HTTP_X_FORWARDED_FOR HTTP header), localhost:9000 (fallback through xdebug.client_host/xdebug.client_port) :-(
[02-Jul-2022 18:05:41 UTC] Xdebug: [Step Debug] Could not connect to debugging client. Tried: ::1:9000 (from HTTP_X_FORWARDED_FOR HTTP header), localhost:9000 (fallback through xdebug.client_host/xdebug.client_port) :-(
[02-Jul-2022 18:05:41 UTC] Xdebug: [Step Debug] Could not connect to debugging client. Tried: ::1:9000 (from HTTP_X_FORWARDED_FOR HTTP header), localhost:9000 (fallback through xdebug.client_host/xdebug.client_port) :-(
[02-Jul-2022 18:06:40 UTC] Xdebug: [Step Debug] Could not connect to debugging client. Tried: ::1:9000 (from HTTP_X_FORWARDED_FOR HTTP header), localhost:9000 (fallback through xdebug.client_host/xdebug.client_port) :-(
[02-Jul-2022 18:06:40 UTC] Xdebug: [Step Debug] Could not connect to debugging client. Tried: ::1:9000 (from HTTP_X_FORWARDED_FOR HTTP header), localhost:9000 (fallback through xdebug.client_host/xdebug.client_port) :-(
[02-Jul-2022 18:06:40 UTC] Xdebug: [Step Debug] Could not connect to debugging client. Tried: ::1:9000 (from HTTP_X_FORWARDED_FOR HTTP header), localhost:9000 (fallback through xdebug.client_host/xdebug.client_port) :-(
[02-Jul-2022 18:06:45 UTC] Xdebug: [Step Debug] Could not connect to debugging client. Tried: ::1:9000 (from HTTP_X_FORWARDED_FOR HTTP header), localhost:9000 (fallback through xdebug.client_host/xdebug.client_port) :-(
[02-Jul-2022 18:06:45 UTC] Xdebug: [Step Debug] Could not connect to debugging client. Tried: ::1:9000 (from HTTP_X_FORWARDED_FOR HTTP header), localhost:9000 (fallback through xdebug.client_host/xdebug.client_port) :-(
[02-Jul-2022 18:06:45 UTC] Xdebug: [Step Debug] Could not connect to debugging client. Tried: ::1:9000 (from HTTP_X_FORWARDED_FOR HTTP header), localhost:9000 (fallback through xdebug.client_host/xdebug.client_port) :-(
[02-Jul-2022 18:06:48 UTC] Xdebug: [Step Debug] Could not connect to debugging client. Tried: ::1:9000 (from HTTP_X_FORWARDED_FOR HTTP header), localhost:9000 (fallback through xdebug.client_host/xdebug.client_port) :-(
[02-Jul-2022 18:06:48 UTC] Xdebug: [Step Debug] Could not connect to debugging client. Tried: ::1:9000 (from HTTP_X_FORWARDED_FOR HTTP header), localhost:9000 (fallback through xdebug.client_host/xdebug.client_port) :-(
[02-Jul-2022 18:06:48 UTC] Xdebug: [Step Debug] Could not connect to debugging client. Tried: ::1:9000 (from HTTP_X_FORWARDED_FOR HTTP header), localhost:9000 (fallback through xdebug.client_host/xdebug.client_port) :-(
[02-Jul-2022 18:06:48 UTC] Xdebug: [Step Debug] Could not connect to debugging client. Tried: ::1:9000 (from HTTP_X_FORWARDED_FOR HTTP header), localhost:9000 (fallback through xdebug.client_host/xdebug.client_port) :-(
[02-Jul-2022 18:06:48 UTC] Xdebug: [Step Debug] Could not connect to debugging client. Tried: ::1:9000 (from HTTP_X_FORWARDED_FOR HTTP header), localhost:9000 (fallback through xdebug.client_host/xdebug.client_port) :-(
[02-Jul-2022 18:06:48 UTC] Xdebug: [Step Debug] Could not connect to debugging client. Tried: ::1:9000 (from HTTP_X_FORWARDED_FOR HTTP header), localhost:9000 (fallback through xdebug.client_host/xdebug.client_port) :-(
[02-Jul-2022 18:07:52 UTC] Xdebug: [Step Debug] Could not connect to debugging client. Tried: ::1:9000 (from HTTP_X_FORWARDED_FOR HTTP header), localhost:9000 (fallback through xdebug.client_host/xdebug.client_port) :-(
[02-Jul-2022 18:07:52 UTC] Xdebug: [Step Debug] Could not connect to debugging client. Tried: ::1:9000 (from HTTP_X_FORWARDED_FOR HTTP header), localhost:9000 (fallback through xdebug.client_host/xdebug.client_port) :-(
[02-Jul-2022 18:07:52 UTC] Xdebug: [Step Debug] Could not connect to debugging client. Tried: ::1:9000 (from HTTP_X_FORWARDED_FOR HTTP header), localhost:9000 (fallback through xdebug.client_host/xdebug.client_port) :-(
[02-Jul-2022 18:09:57 UTC] Xdebug: [Step Debug] Could not connect to debugging client. Tried: ::1:9000 (from HTTP_X_FORWARDED_FOR HTTP header), localhost:9000 (fallback through xdebug.client_host/xdebug.client_port) :-(
[02-Jul-2022 18:09:57 UTC] Xdebug: [Step Debug] Could not connect to debugging client. Tried: ::1:9000 (from HTTP_X_FORWARDED_FOR HTTP header), localhost:9000 (fallback through xdebug.client_host/xdebug.client_port) :-(
[02-Jul-2022 18:09:57 UTC] Xdebug: [Step Debug] Could not connect to debugging client. Tried: ::1:9000 (from HTTP_X_FORWARDED_FOR HTTP header), localhost:9000 (fallback through xdebug.client_host/xdebug.client_port) :-(
[02-Jul-2022 18:12:01 UTC] Xdebug: [Step Debug] Could not connect to debugging client. Tried: ::1:9000 (from HTTP_X_FORWARDED_FOR HTTP header), localhost:9000 (fallback through xdebug.client_host/xdebug.client_port) :-(
[02-Jul-2022 18:12:01 UTC] Xdebug: [Step Debug] Could not connect to debugging client. Tried: ::1:9000 (from HTTP_X_FORWARDED_FOR HTTP header), localhost:9000 (fallback through xdebug.client_host/xdebug.client_port) :-(
[02-Jul-2022 18:12:01 UTC] Xdebug: [Step Debug] Could not connect to debugging client. Tried: ::1:9000 (from HTTP_X_FORWARDED_FOR HTTP header), localhost:9000 (fallback through xdebug.client_host/xdebug.client_port) :-(
[02-Jul-2022 18:14:11 UTC] Xdebug: [Step Debug] Could not connect to debugging client. Tried: ::1:9000 (from HTTP_X_FORWARDED_FOR HTTP header), localhost:9000 (fallback through xdebug.client_host/xdebug.client_port) :-(
[02-Jul-2022 18:14:11 UTC] Xdebug: [Step Debug] Could not connect to debugging client. Tried: ::1:9000 (from HTTP_X_FORWARDED_FOR HTTP header), localhost:9000 (fallback through xdebug.client_host/xdebug.client_port) :-(
[02-Jul-2022 18:14:11 UTC] Xdebug: [Step Debug] Could not connect to debugging client. Tried: ::1:9000 (from HTTP_X_FORWARDED_FOR HTTP header), localhost:9000 (fallback through xdebug.client_host/xdebug.client_port) :-(
[02-Jul-2022 18:16:20 UTC] Xdebug: [Step Debug] Could not connect to debugging client. Tried: ::1:9000 (from HTTP_X_FORWARDED_FOR HTTP header), localhost:9000 (fallback through xdebug.client_host/xdebug.client_port) :-(
[02-Jul-2022 18:16:20 UTC] Xdebug: [Step Debug] Could not connect to debugging client. Tried: ::1:9000 (from HTTP_X_FORWARDED_FOR HTTP header), localhost:9000 (fallback through xdebug.client_host/xdebug.client_port) :-(
[02-Jul-2022 18:16:20 UTC] Xdebug: [Step Debug] Could not connect to debugging client. Tried: ::1:9000 (from HTTP_X_FORWARDED_FOR HTTP header), localhost:9000 (fallback through xdebug.client_host/xdebug.client_port) :-(
